<?xml version="1.0" encoding="UTF-8"?>
<!-- Generated by org.testng.reporters.JUnitXMLReporter -->
<testsuite ignored="0" hostname="DESKTOP-M7QNKL1" failures="0" tests="12" name="Default test" time="10.922" errors="0" timestamp="2021-10-22T13:56:47 SGT">
  <testcase classname="tests.Tests" name="@BeforeTest scroll" time="-1.634882207454E9">
    <failure type="org.testng.TestNGException" message="
Can inject only one of &amp;lt;ITestContext, XmlTest&amp;gt; into a @BeforeTest annotated scroll.
For more information on native dependency injection please refer to https://testng.org/doc/documentation-main.html#native-dependency-injection">
      <![CDATA[org.testng.TestNGException: 
Can inject only one of <ITestContext, XmlTest> into a @BeforeTest annotated scroll.
For more information on native dependency injection please refer to https://testng.org/doc/documentation-main.html#native-dependency-injection
at org.testng.internal.Parameters.checkParameterTypes(Parameters.java:439)
at org.testng.internal.Parameters.createParametersForMethod(Parameters.java:353)
at org.testng.internal.Parameters.createParameters(Parameters.java:708)
at org.testng.internal.Parameters.createConfigurationParameters(Parameters.java:168)
at org.testng.internal.ConfigInvoker.invokeConfigurations(ConfigInvoker.java:302)
at org.testng.TestRunner.invokeTestConfigurations(TestRunner.java:637)
at org.testng.TestRunner.beforeRun(TestRunner.java:627)
at org.testng.TestRunner.run(TestRunner.java:589)
at org.testng.SuiteRunner.runTest(SuiteRunner.java:377)
at org.testng.SuiteRunner.runSequentially(SuiteRunner.java:371)
at org.testng.SuiteRunner.privateRun(SuiteRunner.java:332)
at org.testng.SuiteRunner.run(SuiteRunner.java:276)
at org.testng.SuiteRunnerWorker.runSuite(SuiteRunnerWorker.java:53)
at org.testng.SuiteRunnerWorker.run(SuiteRunnerWorker.java:96)
at org.testng.TestNG.runSuitesSequentially(TestNG.java:1212)
at org.testng.TestNG.runSuitesLocally(TestNG.java:1134)
at org.testng.TestNG.runSuites(TestNG.java:1063)
at org.testng.TestNG.run(TestNG.java:1031)
at org.testng.remote.AbstractRemoteTestNG.run(AbstractRemoteTestNG.java:115)
at org.testng.remote.RemoteTestNG.initAndRun(RemoteTestNG.java:251)
at org.testng.remote.RemoteTestNG.main(RemoteTestNG.java:77)
]]>
    </failure>
  </testcase> <!-- @BeforeTest scroll -->
  <testcase classname="tests.BaseClass" name="@AfterTest teardown" time="-1.63488220752E9">
    <skipped/>
  </testcase> <!-- @AfterTest teardown -->
  <testcase classname="tests.Tests" name="SwipeScreen1" time="0.0">
    <skipped/>
  </testcase> <!-- SwipeScreen1 -->
  <testcase classname="tests.Tests" name="SwipeScreen2" time="0.0">
    <skipped/>
  </testcase> <!-- SwipeScreen2 -->
  <testcase classname="tests.Tests" name="SwipeScreen3" time="0.0">
    <skipped/>
  </testcase> <!-- SwipeScreen3 -->
  <testcase classname="tests.Tests" name="allowLocationservices" time="0.0">
    <skipped/>
  </testcase> <!-- allowLocationservices -->
  <testcase classname="tests.Tests" name="clickFilterSelection" time="0.0">
    <skipped/>
  </testcase> <!-- clickFilterSelection -->
  <testcase classname="tests.Tests" name="clickShopeeMall" time="0.0">
    <skipped/>
  </testcase> <!-- clickShopeeMall -->
  <testcase classname="tests.Tests" name="clickStart" time="0.0">
    <skipped/>
  </testcase> <!-- clickStart -->
  <testcase classname="tests.Tests" name="denyAccesstoDeviceLocation" time="0.0">
    <skipped/>
  </testcase> <!-- denyAccesstoDeviceLocation -->
  <testcase classname="tests.Tests" name="selectDesiredfilters" time="0.0">
    <skipped/>
  </testcase> <!-- selectDesiredfilters -->
  <testcase classname="tests.Tests" name="selectMobileSections" time="0.0">
    <skipped/>
  </testcase> <!-- selectMobileSections -->
  <testcase classname="tests.Tests" name="selectSamsungOfficialStore" time="0.0">
    <skipped/>
  </testcase> <!-- selectSamsungOfficialStore -->
  <testcase classname="tests.Tests" name="selectTrendingShops" time="0.0">
    <skipped/>
  </testcase> <!-- selectTrendingShops -->
</testsuite> <!-- Default test -->
